d:\file exchange v12.0\rebroadcasting_in_netsim_v12.0\workspace_rebroadcasting\bin\bin_x64\application.lib
d:\file exchange v12.0\rebroadcasting_in_netsim_v12.0\workspace_rebroadcasting\bin\bin_x64\application.exp
d:\file exchange v12.0\rebroadcasting_in_netsim_v12.0\workspace_rebroadcasting\src\simulation\application\x64\debug\vc142.pdb
d:\file exchange v12.0\rebroadcasting_in_netsim_v12.0\workspace_rebroadcasting\src\simulation\application\x64\debug\vc142.idb
d:\file exchange v12.0\rebroadcasting_in_netsim_v12.0\workspace_rebroadcasting\src\simulation\application\x64\debug\rebroadcast.obj
d:\file exchange v12.0\rebroadcasting_in_netsim_v12.0\workspace_rebroadcasting\src\simulation\application\x64\debug\randomnumber.obj
d:\file exchange v12.0\rebroadcasting_in_netsim_v12.0\workspace_rebroadcasting\src\simulation\application\x64\debug\multicast.obj
d:\file exchange v12.0\rebroadcasting_in_netsim_v12.0\workspace_rebroadcasting\src\simulation\application\x64\debug\encryption.obj
d:\file exchange v12.0\rebroadcasting_in_netsim_v12.0\workspace_rebroadcasting\src\simulation\application\x64\debug\emulation_application.obj
d:\file exchange v12.0\rebroadcasting_in_netsim_v12.0\workspace_rebroadcasting\src\simulation\application\x64\debug\distribution.obj
d:\file exchange v12.0\rebroadcasting_in_netsim_v12.0\workspace_rebroadcasting\src\simulation\application\x64\debug\des_run.obj
d:\file exchange v12.0\rebroadcasting_in_netsim_v12.0\workspace_rebroadcasting\src\simulation\application\x64\debug\des.obj
d:\file exchange v12.0\rebroadcasting_in_netsim_v12.0\workspace_rebroadcasting\src\simulation\application\x64\debug\database_ftp_custom.obj
d:\file exchange v12.0\rebroadcasting_in_netsim_v12.0\workspace_rebroadcasting\src\simulation\application\x64\debug\coap.obj
d:\file exchange v12.0\rebroadcasting_in_netsim_v12.0\workspace_rebroadcasting\src\simulation\application\x64\debug\bsm.obj
d:\file exchange v12.0\rebroadcasting_in_netsim_v12.0\workspace_rebroadcasting\src\simulation\application\x64\debug\application.obj
d:\file exchange v12.0\rebroadcasting_in_netsim_v12.0\workspace_rebroadcasting\src\simulation\application\x64\debug\aes_run.obj
d:\file exchange v12.0\rebroadcasting_in_netsim_v12.0\workspace_rebroadcasting\src\simulation\application\x64\debug\aes.obj
d:\file exchange v12.0\rebroadcasting_in_netsim_v12.0\workspace_rebroadcasting\bin\bin_x64\libapplication.dll
d:\file exchange v12.0\rebroadcasting_in_netsim_v12.0\workspace_rebroadcasting\bin\bin_x64\application.pdb
d:\file exchange v12.0\rebroadcasting_in_netsim_v12.0\workspace_rebroadcasting\src\simulation\application\x64\debug\application.tlog\application.write.1u.tlog
d:\file exchange v12.0\rebroadcasting_in_netsim_v12.0\workspace_rebroadcasting\src\simulation\application\x64\debug\application.tlog\cl.command.1.tlog
d:\file exchange v12.0\rebroadcasting_in_netsim_v12.0\workspace_rebroadcasting\src\simulation\application\x64\debug\application.tlog\cl.read.1.tlog
d:\file exchange v12.0\rebroadcasting_in_netsim_v12.0\workspace_rebroadcasting\src\simulation\application\x64\debug\application.tlog\cl.write.1.tlog
d:\file exchange v12.0\rebroadcasting_in_netsim_v12.0\workspace_rebroadcasting\src\simulation\application\x64\debug\application.tlog\link.command.1.tlog
d:\file exchange v12.0\rebroadcasting_in_netsim_v12.0\workspace_rebroadcasting\src\simulation\application\x64\debug\application.tlog\link.read.1.tlog
d:\file exchange v12.0\rebroadcasting_in_netsim_v12.0\workspace_rebroadcasting\src\simulation\application\x64\debug\application.tlog\link.write.1.tlog
